<?xml version="1.0" encoding="UTF-8"?>
<testng-results skipped="0" failed="0" ignored="0" total="1" passed="1">
  <reporter-output>
  </reporter-output>
  <suite name="Default suite" duration-ms="15632" started-at="2020-02-04T08:34:56Z" finished-at="2020-02-04T08:35:11Z">
    <groups>
    </groups>
    <test name="Default test" duration-ms="15632" started-at="2020-02-04T08:34:56Z" finished-at="2020-02-04T08:35:11Z">
      <class name="com.tests.logsbyCRM">
        <test-method status="PASS" signature="setUpLogin()[pri:0, instance:com.tests.logsbyCRM@482f8f11]" name="setUpLogin" duration-ms="15612" started-at="2020-02-04T08:34:56Z" finished-at="2020-02-04T08:35:11Z">
          <reporter-output>
          </reporter-output>
        </test-method> <!-- setUpLogin -->
      </class> <!-- com.tests.logsbyCRM -->
    </test> <!-- Default test -->
  </suite> <!-- Default suite -->
</testng-results>
